2023-08-06 04:51:03.872724 - Initialized conversion of CBT490
2023-08-06 04:51:04.129092 - Received CBT.V505.FILE490.PDS from FILE490.XMI 
2023-08-06 04:51:04.131572 - Found $$$#DATE.txt (text/plain) in CBT.V505.FILE490.PDS, moved to PDS/$$$#DATE
2023-08-06 04:51:04.132588 - Found $$NOTE.txt (text/plain) in CBT.V505.FILE490.PDS, moved to PDS/$$NOTE
2023-08-06 04:51:04.133581 - Found $$NOTE1.txt (text/plain) in CBT.V505.FILE490.PDS, moved to PDS/$$NOTE1
2023-08-06 04:51:04.134560 - Found $$NOTE2.txt (text/plain) in CBT.V505.FILE490.PDS, moved to PDS/$$NOTE2
2023-08-06 04:51:04.135510 - Found $$README.txt (text/plain) in CBT.V505.FILE490.PDS, moved to PDS/$$README
2023-08-06 04:51:04.136534 - Found @FILE490.txt (text/plain) in CBT.V505.FILE490.PDS, moved to PDS/@FILE490
2023-08-06 04:51:04.137468 - Found INSTBALI.txt (text/plain) in CBT.V505.FILE490.PDS, moved to PDS/INSTBALI
2023-08-06 04:51:04.138404 - Found INSTBALO.txt (text/plain) in CBT.V505.FILE490.PDS, moved to PDS/INSTBALO
2023-08-06 04:51:04.139343 - Found INSTCNVX.txt (text/plain) in CBT.V505.FILE490.PDS, moved to PDS/INSTCNVX
2023-08-06 04:51:04.140226 - Found INSTDOC.txt (text/plain) in CBT.V505.FILE490.PDS, moved to PDS/INSTDOC
2023-08-06 04:51:04.141127 - Found INSTDTID.txt (text/plain) in CBT.V505.FILE490.PDS, moved to PDS/INSTDTID
2023-08-06 04:51:04.142116 - Found INSTGET.txt (text/plain) in CBT.V505.FILE490.PDS, moved to PDS/INSTGET
2023-08-06 04:51:04.143065 - Found INSTIVP.txt (text/plain) in CBT.V505.FILE490.PDS, moved to PDS/INSTIVP
2023-08-06 04:51:04.143961 - Found INSTIVP1.jcl (text/plain) in CBT.V505.FILE490.PDS, moved to PDS/INSTIVP1
2023-08-06 04:51:04.144963 - Found INSTLEN.txt (text/plain) in CBT.V505.FILE490.PDS, moved to PDS/INSTLEN
2023-08-06 04:51:04.145930 - Found INSTLXSV.jcl (text/plain) in CBT.V505.FILE490.PDS, moved to PDS/INSTLXSV
2023-08-06 04:51:04.146977 - Found INSTNT01.jcl (text/plain) in CBT.V505.FILE490.PDS, moved to PDS/INSTNT01
2023-08-06 04:51:04.147973 - Found INSTNT02.jcl (text/plain) in CBT.V505.FILE490.PDS, moved to PDS/INSTNT02
2023-08-06 04:51:04.148841 - Found INSTNUM.txt (text/plain) in CBT.V505.FILE490.PDS, moved to PDS/INSTNUM
2023-08-06 04:51:04.149756 - Found INSTPDSL.txt (text/plain) in CBT.V505.FILE490.PDS, moved to PDS/INSTPDSL
2023-08-06 04:51:04.150751 - Found INSTPRS.txt (text/plain) in CBT.V505.FILE490.PDS, moved to PDS/INSTPRS
2023-08-06 04:51:04.151668 - Found INSTPRSE.txt (text/plain) in CBT.V505.FILE490.PDS, moved to PDS/INSTPRSE
2023-08-06 04:51:04.152597 - Found INSTREQU.txt (text/plain) in CBT.V505.FILE490.PDS, moved to PDS/INSTREQU
2023-08-06 04:51:04.153621 - Found INSTRS.txt (text/plain) in CBT.V505.FILE490.PDS, moved to PDS/INSTRS
2023-08-06 04:51:04.154570 - Found INSTSET.txt (text/plain) in CBT.V505.FILE490.PDS, moved to PDS/INSTSET
2023-08-06 04:51:04.155550 - Found INSTSS.txt (text/plain) in CBT.V505.FILE490.PDS, moved to PDS/INSTSS
2023-08-06 04:51:04.156433 - Found INSTSTR.txt (text/plain) in CBT.V505.FILE490.PDS, moved to PDS/INSTSTR
2023-08-06 04:51:04.157482 - Found INSTSTRC.txt (text/plain) in CBT.V505.FILE490.PDS, moved to PDS/INSTSTRC
2023-08-06 04:51:04.158483 - Found INSTSTRD.txt (text/plain) in CBT.V505.FILE490.PDS, moved to PDS/INSTSTRD
2023-08-06 04:51:04.159517 - Found INSTSYMB.txt (text/plain) in CBT.V505.FILE490.PDS, moved to PDS/INSTSYMB
2023-08-06 04:51:04.160531 - Found INSTTCMD.jcl (text/plain) in CBT.V505.FILE490.PDS, moved to PDS/INSTTCMD
2023-08-06 04:51:04.161559 - Found INSTUJI.txt (text/plain) in CBT.V505.FILE490.PDS, moved to PDS/INSTUJI
2023-08-06 04:51:04.162683 - Found INSTWORK.txt (text/plain) in CBT.V505.FILE490.PDS, moved to PDS/INSTWORK
2023-08-06 04:51:04.163818 - Found INSTWTL.txt (text/plain) in CBT.V505.FILE490.PDS, moved to PDS/INSTWTL
2023-08-06 04:51:04.164907 - Found INSTWTOR.txt (text/plain) in CBT.V505.FILE490.PDS, moved to PDS/INSTWTOR
